#
# A fatal error has been detected by the Java Runtime Environment:
#
#  EXCEPTION_ACCESS_VIOLATION (0xc0000005) at pc=0x000007fedaf50b25, pid=5772, tid=7872
#
# JRE version: Java(TM) SE Runtime Environment (14.0.1+7) (build 14.0.1+7)
# Java VM: Java HotSpot(TM) 64-Bit Server VM (14.0.1+7, mixed mode, sharing, tiered, compressed oops, g1 gc, windows-amd64)
# Problematic frame:
# V  [jvm.dll+0x5a0b25]
#
# No core dump will be written. Minidumps are not enabled by default on client versions of Windows
#
# If you would like to submit a bug report, please visit:
#   https://bugreport.java.com/bugreport/crash.jsp
#

---------------  S U M M A R Y ------------

Command Line: -agentlib:jdwp=transport=dt_socket,address=127.0.0.1:52013,suspend=y,server=n -Dfile.encoding=UTF-8 DijkstraKt

Host: AMD FX(tm)-8150 Eight-Core Processor           , 8 cores, 7G,  Windows 7 , 64 bit Build 7601 (6.1.7601.21773)
Time: Sat Nov  7 15:57:51 2020 Aaaaaaneia a?aiy (ceia) elapsed time: 240 seconds (0d 0h 4m 0s)

---------------  T H R E A D  ---------------

Current thread (0x00000000230c6800):  VMThread "VM Thread" [stack: 0x0000000022440000,0x0000000022540000] [id=7872]

Stack: [0x0000000022440000,0x0000000022540000],  sp=0x000000002253f208,  free space=1020k
Native frames: (J=compiled Java code, j=interpreted, Vv=VM code, C=native code)
V  [jvm.dll+0x5a0b25]


siginfo: EXCEPTION_ACCESS_VIOLATION (0xc0000005), reading address 0xffffffffffffffff


Register to memory mapping:

RIP=0x000007fedaf50b25 jvm.dll
RAX=0x000007fedb23b8b1 jvm.dll
RBX=0x0 is NULL
RCX=0x0000000022b90e80 is pointing into metadata
RDX=0x000000000035c001 points into unknown readable memory: ab 25 db fe 07 00 00
RSP=0x000000002253f208 points into unknown readable memory: 0a 1a 0b db fe 07 00 00
RBP=0x000007fedaf50b20 jvm.dll
RSI=0x000000000035c000 is a thread
RDI=0x0 is NULL
R8 =0x000000001484a501 is an unknown value
R9 =0x000000002253f480 points into unknown readable memory: f0 e9 86 1f 00 00 00 00
R10=0x0 is NULL
R11=0x000000002253f3c0 points into unknown readable memory: d0 f4 53 22 00 00 00 00
R12=0x000007fedb1bc710 jvm.dll
R13=0x000007fedb436210 jvm.dll
R14=0x000000001f86edc8 points into unknown readable memory: 0e 27 bd 62 84 34 10 08
R15=0x00000000000003d8 is an unknown value


Registers:
RAX=0x000007fedb23b8b1, RBX=0x0000000000000000, RCX=0x0000000022b90e80, RDX=0x000000000035c001
RSP=0x000000002253f208, RBP=0x000007fedaf50b20, RSI=0x000000000035c000, RDI=0x0000000000000000
R8 =0x000000001484a501, R9 =0x000000002253f480, R10=0x0000000000000000, R11=0x000000002253f3c0
R12=0x000007fedb1bc710, R13=0x000007fedb436210, R14=0x000000001f86edc8, R15=0x00000000000003d8
RIP=0x000007fedaf50b25, EFLAGS=0x0000000000010202

Top of Stack: (sp=0x000000002253f208)
0x000000002253f208:   000007fedb0b1a0a 0000000000000000
0x000000002253f218:   0000000000000000 0000000000000000
0x000000002253f228:   0000000000000000 000000002253f2c0
0x000000002253f238:   000007fedb0b3ba0 0000000022f91630
0x000000002253f248:   0000000000000000 000000000000000e
0x000000002253f258:   000007fedb11e446 000000002253f2c0
0x000000002253f268:   000007fedb0b7a47 0000000000000001
0x000000002253f278:   000000001f86e9f0 0000000000000001
0x000000002253f288:   000007fedb2157c0 000000002253f3c0
0x000000002253f298:   000007fedb0b40bf 0000000000000001
0x000000002253f2a8:   0000000000000001 000000002253f398
0x000000002253f2b8:   0000000000000000 000007fedb25bdd0
0x000000002253f2c8:   000007fedaf50b20 000000001f86e9e0
0x000000002253f2d8:   000007fedaf509b5 0000000000000000
0x000000002253f2e8:   0000000000000000 00000000230c6800
0x000000002253f2f8:   0000000000000000 000000001f86e9e0 

Instructions: (pc=0x000007fedaf50b25)
0x000007fedaf50a25:   cc cc cc cc cc cc cc cc cc cc cc 48 89 5c 24 18
0x000007fedaf50a35:   55 48 83 ec 20 48 8b 1d cf 45 4b 00 48 85 db 74
0x000007fedaf50a45:   17 48 8b 05 b3 45 4b 00 48 89 83 08 02 00 00 48
0x000007fedaf50a55:   89 1d a5 45 4b 00 eb 07 48 8b 1d 9c 45 4b 00 33
0x000007fedaf50a65:   ed 48 89 2d a3 45 4b 00 48 85 db 74 7e 48 89 74
0x000007fedaf50a75:   24 30 48 89 7c 24 38 0f 1f 40 00 48 8b b3 00 02
0x000007fedaf50a85:   00 00 48 8b fd 48 2b f3 48 c1 ee 03 48 85 f6 74
0x000007fedaf50a95:   1e 66 66 0f 1f 84 00 00 00 00 00 48 8b 0c fb 33
0x000007fedaf50aa5:   d2 48 8b 01 ff 50 68 48 ff c7 48 3b fe 72 ec 48
0x000007fedaf50ab5:   8b 8b 08 02 00 00 48 89 ab 08 02 00 00 48 89 9b
0x000007fedaf50ac5:   00 02 00 00 48 8b 05 38 45 4b 00 48 89 83 10 02
0x000007fedaf50ad5:   00 00 48 89 1d 2a 45 4b 00 48 8b d9 48 85 c9 75
0x000007fedaf50ae5:   9a 48 8b 7c 24 38 48 8b 74 24 30 48 8b 5c 24 40
0x000007fedaf50af5:   48 89 2d 04 45 4b 00 48 83 c4 20 5d c3 cc cc cc
0x000007fedaf50b05:   cc cc cc cc cc cc cc cc cc cc cc 48 8b 02 48 8b
0x000007fedaf50b15:   ca b2 01 48 ff 60 68 cc cc cc cc 48 8b 01 b2 01
0x000007fedaf50b25:   48 ff 60 68 cc cc cc cc cc cc cc 40 53 48 83 ec
0x000007fedaf50b35:   20 48 8b 15 d3 44 4b 00 48 8b d9 48 85 d2 74 21
0x000007fedaf50b45:   48 8d 82 00 02 00 00 48 39 00 75 72 48 8b 05 a8
0x000007fedaf50b55:   44 4b 00 48 89 82 08 02 00 00 48 89 15 9a 44 4b
0x000007fedaf50b65:   00 48 8b 15 9b 44 4b 00 48 85 d2 74 10 48 8b 82
0x000007fedaf50b75:   10 02 00 00 48 89 05 88 44 4b 00 eb 3a 45 33 c0
0x000007fedaf50b85:   b9 18 02 00 00 41 8d 50 08 e8 dd 1e b0 ff 48 8b
0x000007fedaf50b95:   d0 48 85 c0 74 1f 48 89 80 00 02 00 00 48 c7 80
0x000007fedaf50ba5:   08 02 00 00 00 00 00 00 48 c7 80 10 02 00 00 00
0x000007fedaf50bb5:   00 00 00 eb 02 33 d2 48 89 15 4d 44 4b 00 48 8b
0x000007fedaf50bc5:   82 00 02 00 00 48 89 18 48 83 82 00 02 00 00 08
0x000007fedaf50bd5:   48 83 c4 20 5b c3 cc cc cc cc cc 48 89 4c 24 08
0x000007fedaf50be5:   48 89 54 24 10 4c 89 44 24 18 4c 89 4c 24 20 48
0x000007fedaf50bf5:   83 ec 28 4c 8b c1 4c 8d 4c 24 38 48 8d 0d 39 e3
0x000007fedaf50c05:   49 00 ba 01 00 00 00 e8 ff a9 f5 ff 48 83 c4 28
0x000007fedaf50c15:   c3 cc cc cc cc cc cc cc cc cc cc 48 89 5c 24 08 


Stack slot to memory mapping:
stack at sp + 0 slots: 0x000007fedb0b1a0a jvm.dll
stack at sp + 1 slots: 0x0 is NULL
stack at sp + 2 slots: 0x0 is NULL
stack at sp + 3 slots: 0x0 is NULL
stack at sp + 4 slots: 0x0 is NULL
stack at sp + 5 slots: 0x000000002253f2c0 points into unknown readable memory: d0 bd 25 db fe 07 00 00
stack at sp + 6 slots: 0x000007fedb0b3ba0 jvm.dll
stack at sp + 7 slots: 0x0000000022f91630 points into unknown readable memory: 00 c0 35 00 00 00 00 00

VM_Operation (0x00000000244af1b0): RedefineClasses, mode: safepoint, requested by thread 0x0000000023f19800


---------------  P R O C E S S  ---------------

Threads class SMR info:
_java_thread_list=0x0000000023f4c640, length=14, elements={
0x000000000035c000, 0x00000000230cb800, 0x00000000230cc800, 0x00000000230ec800,
0x00000000230ed800, 0x00000000230f0800, 0x00000000230f5000, 0x00000000230f6000,
0x000000002310d800, 0x0000000023f19800, 0x0000000023f1d000, 0x0000000023f2a800,
0x0000000023f2d000, 0x0000000023f4e800
}

Java Threads: ( => current thread )
  0x000000000035c000 JavaThread "main" [_thread_blocked, id=5264, stack(0x00000000021d0000,0x00000000022d0000)]
  0x00000000230cb800 JavaThread "Reference Handler" daemon [_thread_blocked, id=8928, stack(0x0000000023210000,0x0000000023310000)]
  0x00000000230cc800 JavaThread "Finalizer" daemon [_thread_blocked, id=6680, stack(0x0000000023350000,0x0000000023450000)]
  0x00000000230ec800 JavaThread "Signal Dispatcher" daemon [_thread_blocked, id=7708, stack(0x00000000235f0000,0x00000000236f0000)]
  0x00000000230ed800 JavaThread "Attach Listener" daemon [_thread_blocked, id=1840, stack(0x0000000023860000,0x0000000023960000)]
  0x00000000230f0800 JavaThread "Service Thread" daemon [_thread_blocked, id=4912, stack(0x00000000236f0000,0x00000000237f0000)]
  0x00000000230f5000 JavaThread "C2 CompilerThread0" daemon [_thread_blocked, id=808, stack(0x0000000023a60000,0x0000000023b60000)]
  0x00000000230f6000 JavaThread "C1 CompilerThread0" daemon [_thread_blocked, id=8440, stack(0x0000000023c00000,0x0000000023d00000)]
  0x000000002310d800 JavaThread "Sweeper thread" daemon [_thread_blocked, id=9144, stack(0x0000000023d60000,0x0000000023e60000)]
  0x0000000023f19800 JavaThread "JDWP Transport Listener: dt_socket" daemon [_thread_blocked, id=8388, stack(0x00000000243b0000,0x00000000244b0000)]
  0x0000000023f1d000 JavaThread "JDWP Event Helper Thread" daemon [_thread_blocked, id=7660, stack(0x0000000024630000,0x0000000024730000)]
  0x0000000023f2a800 JavaThread "JDWP Command Reader" daemon [_thread_in_native, id=1720, stack(0x0000000024770000,0x0000000024870000)]
  0x0000000023f2d000 JavaThread "Notification Thread" daemon [_thread_blocked, id=7392, stack(0x00000000244e0000,0x00000000245e0000)]
  0x0000000023f4e800 JavaThread "Common-Cleaner" daemon [_thread_blocked, id=8456, stack(0x0000000024280000,0x0000000024380000)]

Other Threads:
=>0x00000000230c6800 VMThread "VM Thread" [stack: 0x0000000022440000,0x0000000022540000] [id=7872]
  0x0000000023f39800 WatcherThread [stack: 0x0000000024880000,0x0000000024980000] [id=7020]
  0x000000000039e800 GCTaskThread "GC Thread#0" [stack: 0x000000001f670000,0x000000001f770000] [id=1328]
  0x000000001f774800 ConcurrentGCThread "G1 Main Marker" [stack: 0x000000001f8d0000,0x000000001f9d0000] [id=4068]
  0x00000000003af000 ConcurrentGCThread "G1 Conc#0" [stack: 0x000000001fb30000,0x000000001fc30000] [id=7464]
  0x000000001f818800 ConcurrentGCThread "G1 Refine#0" [stack: 0x0000000022540000,0x0000000022640000] [id=8792]
  0x000000001f81a000 ConcurrentGCThread "G1 Young RemSet Sampling" [stack: 0x0000000022690000,0x0000000022790000] [id=6880]

Threads with active compile tasks:

VM state:at safepoint (normal execution)

VM Mutex/Monitor currently owned by a thread:  ([mutex/lock_event])
[0x0000000000355270] Threads_lock - owner thread: 0x00000000230c6800

Heap address: 0x0000000080800000, size: 2040 MB, Compressed Oops mode: 32-bit
Narrow klass base: 0x0000000800000000, Narrow klass shift: 3
Compressed class space size: 1073741824 Address: 0x0000000800b30000

Heap:
 garbage-first heap   total 131072K, used 1024K [0x0000000080800000, 0x0000000100000000)
  region size 1024K, 3 young (3072K), 0 survivors (0K)
 Metaspace       used 523K, capacity 4792K, committed 5120K, reserved 1056768K
  class space    used 27K, capacity 424K, committed 512K, reserved 1048576K
Heap Regions: E=young(eden), S=young(survivor), O=old, HS=humongous(starts), HC=humongous(continues), CS=collection set, F=free, OA=open archive, CA=closed archive, TAMS=top-at-mark-start (previous, next)
|   0|0x0000000080800000, 0x0000000080800000, 0x0000000080900000|  0%| F|  |TAMS 0x0000000080800000, 0x0000000080800000| Untracked 
|   1|0x0000000080900000, 0x0000000080900000, 0x0000000080a00000|  0%| F|  |TAMS 0x0000000080900000, 0x0000000080900000| Untracked 
|   2|0x0000000080a00000, 0x0000000080a00000, 0x0000000080b00000|  0%| F|  |TAMS 0x0000000080a00000, 0x0000000080a00000| Untracked 
|   3|0x0000000080b00000, 0x0000000080b00000, 0x0000000080c00000|  0%| F|  |TAMS 0x0000000080b00000, 0x0000000080b00000| Untracked 
|   4|0x0000000080c00000, 0x0000000080c00000, 0x0000000080d00000|  0%| F|  |TAMS 0x0000000080c00000, 0x0000000080c00000| Untracked 
|   5|0x0000000080d00000, 0x0000000080d00000, 0x0000000080e00000|  0%| F|  |TAMS 0x0000000080d00000, 0x0000000080d00000| Untracked 
|   6|0x0000000080e00000, 0x0000000080e00000, 0x0000000080f00000|  0%| F|  |TAMS 0x0000000080e00000, 0x0000000080e00000| Untracked 
|   7|0x0000000080f00000, 0x0000000080f00000, 0x0000000081000000|  0%| F|  |TAMS 0x0000000080f00000, 0x0000000080f00000| Untracked 
|   8|0x0000000081000000, 0x0000000081000000, 0x0000000081100000|  0%| F|  |TAMS 0x0000000081000000, 0x0000000081000000| Untracked 
|   9|0x0000000081100000, 0x0000000081100000, 0x0000000081200000|  0%| F|  |TAMS 0x0000000081100000, 0x0000000081100000| Untracked 
|  10|0x0000000081200000, 0x0000000081200000, 0x0000000081300000|  0%| F|  |TAMS 0x0000000081200000, 0x0000000081200000| Untracked 
|  11|0x0000000081300000, 0x0000000081300000, 0x0000000081400000|  0%| F|  |TAMS 0x0000000081300000, 0x0000000081300000| Untracked 
|  12|0x0000000081400000, 0x0000000081400000, 0x0000000081500000|  0%| F|  |TAMS 0x0000000081400000, 0x0000000081400000| Untracked 
|  13|0x0000000081500000, 0x0000000081500000, 0x0000000081600000|  0%| F|  |TAMS 0x0000000081500000, 0x0000000081500000| Untracked 
|  14|0x0000000081600000, 0x0000000081600000, 0x0000000081700000|  0%| F|  |TAMS 0x0000000081600000, 0x0000000081600000| Untracked 
|  15|0x0000000081700000, 0x0000000081700000, 0x0000000081800000|  0%| F|  |TAMS 0x0000000081700000, 0x0000000081700000| Untracked 
|  16|0x0000000081800000, 0x0000000081800000, 0x0000000081900000|  0%| F|  |TAMS 0x0000000081800000, 0x0000000081800000| Untracked 
|  17|0x0000000081900000, 0x0000000081900000, 0x0000000081a00000|  0%| F|  |TAMS 0x0000000081900000, 0x0000000081900000| Untracked 
|  18|0x0000000081a00000, 0x0000000081a00000, 0x0000000081b00000|  0%| F|  |TAMS 0x0000000081a00000, 0x0000000081a00000| Untracked 
|  19|0x0000000081b00000, 0x0000000081b00000, 0x0000000081c00000|  0%| F|  |TAMS 0x0000000081b00000, 0x0000000081b00000| Untracked 
|  20|0x0000000081c00000, 0x0000000081c00000, 0x0000000081d00000|  0%| F|  |TAMS 0x0000000081c00000, 0x0000000081c00000| Untracked 
|  21|0x0000000081d00000, 0x0000000081d00000, 0x0000000081e00000|  0%| F|  |TAMS 0x0000000081d00000, 0x0000000081d00000| Untracked 
|  22|0x0000000081e00000, 0x0000000081e00000, 0x0000000081f00000|  0%| F|  |TAMS 0x0000000081e00000, 0x0000000081e00000| Untracked 
|  23|0x0000000081f00000, 0x0000000081f00000, 0x0000000082000000|  0%| F|  |TAMS 0x0000000081f00000, 0x0000000081f00000| Untracked 
|  24|0x0000000082000000, 0x0000000082000000, 0x0000000082100000|  0%| F|  |TAMS 0x0000000082000000, 0x0000000082000000| Untracked 
|  25|0x0000000082100000, 0x0000000082100000, 0x0000000082200000|  0%| F|  |TAMS 0x0000000082100000, 0x0000000082100000| Untracked 
|  26|0x0000000082200000, 0x0000000082200000, 0x0000000082300000|  0%| F|  |TAMS 0x0000000082200000, 0x0000000082200000| Untracked 
|  27|0x0000000082300000, 0x0000000082300000, 0x0000000082400000|  0%| F|  |TAMS 0x0000000082300000, 0x0000000082300000| Untracked 
|  28|0x0000000082400000, 0x0000000082400000, 0x0000000082500000|  0%| F|  |TAMS 0x0000000082400000, 0x0000000082400000| Untracked 
|  29|0x0000000082500000, 0x0000000082500000, 0x0000000082600000|  0%| F|  |TAMS 0x0000000082500000, 0x0000000082500000| Untracked 
|  30|0x0000000082600000, 0x0000000082600000, 0x0000000082700000|  0%| F|  |TAMS 0x0000000082600000, 0x0000000082600000| Untracked 
|  31|0x0000000082700000, 0x0000000082700000, 0x0000000082800000|  0%| F|  |TAMS 0x0000000082700000, 0x0000000082700000| Untracked 
|  32|0x0000000082800000, 0x0000000082800000, 0x0000000082900000|  0%| F|  |TAMS 0x0000000082800000, 0x0000000082800000| Untracked 
|  33|0x0000000082900000, 0x0000000082900000, 0x0000000082a00000|  0%| F|  |TAMS 0x0000000082900000, 0x0000000082900000| Untracked 
|  34|0x0000000082a00000, 0x0000000082a00000, 0x0000000082b00000|  0%| F|  |TAMS 0x0000000082a00000, 0x0000000082a00000| Untracked 
|  35|0x0000000082b00000, 0x0000000082b00000, 0x0000000082c00000|  0%| F|  |TAMS 0x0000000082b00000, 0x0000000082b00000| Untracked 
|  36|0x0000000082c00000, 0x0000000082c00000, 0x0000000082d00000|  0%| F|  |TAMS 0x0000000082c00000, 0x0000000082c00000| Untracked 
|  37|0x0000000082d00000, 0x0000000082d00000, 0x0000000082e00000|  0%| F|  |TAMS 0x0000000082d00000, 0x0000000082d00000| Untracked 
|  38|0x0000000082e00000, 0x0000000082e00000, 0x0000000082f00000|  0%| F|  |TAMS 0x0000000082e00000, 0x0000000082e00000| Untracked 
|  39|0x0000000082f00000, 0x0000000082f00000, 0x0000000083000000|  0%| F|  |TAMS 0x0000000082f00000, 0x0000000082f00000| Untracked 
|  40|0x0000000083000000, 0x0000000083000000, 0x0000000083100000|  0%| F|  |TAMS 0x0000000083000000, 0x0000000083000000| Untracked 
|  41|0x0000000083100000, 0x0000000083100000, 0x0000000083200000|  0%| F|  |TAMS 0x0000000083100000, 0x0000000083100000| Untracked 
|  42|0x0000000083200000, 0x0000000083200000, 0x0000000083300000|  0%| F|  |TAMS 0x0000000083200000, 0x0000000083200000| Untracked 
|  43|0x0000000083300000, 0x0000000083300000, 0x0000000083400000|  0%| F|  |TAMS 0x0000000083300000, 0x0000000083300000| Untracked 
|  44|0x0000000083400000, 0x0000000083400000, 0x0000000083500000|  0%| F|  |TAMS 0x0000000083400000, 0x0000000083400000| Untracked 
|  45|0x0000000083500000, 0x0000000083500000, 0x0000000083600000|  0%| F|  |TAMS 0x0000000083500000, 0x0000000083500000| Untracked 
|  46|0x0000000083600000, 0x0000000083600000, 0x0000000083700000|  0%| F|  |TAMS 0x0000000083600000, 0x0000000083600000| Untracked 
|  47|0x0000000083700000, 0x0000000083700000, 0x0000000083800000|  0%| F|  |TAMS 0x0000000083700000, 0x0000000083700000| Untracked 
|  48|0x0000000083800000, 0x0000000083800000, 0x0000000083900000|  0%| F|  |TAMS 0x0000000083800000, 0x0000000083800000| Untracked 
|  49|0x0000000083900000, 0x0000000083900000, 0x0000000083a00000|  0%| F|  |TAMS 0x0000000083900000, 0x0000000083900000| Untracked 
|  50|0x0000000083a00000, 0x0000000083a00000, 0x0000000083b00000|  0%| F|  |TAMS 0x0000000083a00000, 0x0000000083a00000| Untracked 
|  51|0x0000000083b00000, 0x0000000083b00000, 0x0000000083c00000|  0%| F|  |TAMS 0x0000000083b00000, 0x0000000083b00000| Untracked 
|  52|0x0000000083c00000, 0x0000000083c00000, 0x0000000083d00000|  0%| F|  |TAMS 0x0000000083c00000, 0x0000000083c00000| Untracked 
|  53|0x0000000083d00000, 0x0000000083d00000, 0x0000000083e00000|  0%| F|  |TAMS 0x0000000083d00000, 0x0000000083d00000| Untracked 
|  54|0x0000000083e00000, 0x0000000083e00000, 0x0000000083f00000|  0%| F|  |TAMS 0x0000000083e00000, 0x0000000083e00000| Untracked 
|  55|0x0000000083f00000, 0x0000000083f00000, 0x0000000084000000|  0%| F|  |TAMS 0x0000000083f00000, 0x0000000083f00000| Untracked 
|  56|0x0000000084000000, 0x0000000084000000, 0x0000000084100000|  0%| F|  |TAMS 0x0000000084000000, 0x0000000084000000| Untracked 
|  57|0x0000000084100000, 0x0000000084100000, 0x0000000084200000|  0%| F|  |TAMS 0x0000000084100000, 0x0000000084100000| Untracked 
|  58|0x0000000084200000, 0x0000000084200000, 0x0000000084300000|  0%| F|  |TAMS 0x0000000084200000, 0x0000000084200000| Untracked 
|  59|0x0000000084300000, 0x0000000084300000, 0x0000000084400000|  0%| F|  |TAMS 0x0000000084300000, 0x0000000084300000| Untracked 
|  60|0x0000000084400000, 0x0000000084400000, 0x0000000084500000|  0%| F|  |TAMS 0x0000000084400000, 0x0000000084400000| Untracked 
|  61|0x0000000084500000, 0x0000000084500000, 0x0000000084600000|  0%| F|  |TAMS 0x0000000084500000, 0x0000000084500000| Untracked 
|  62|0x0000000084600000, 0x0000000084600000, 0x0000000084700000|  0%| F|  |TAMS 0x0000000084600000, 0x0000000084600000| Untracked 
|  63|0x0000000084700000, 0x0000000084700000, 0x0000000084800000|  0%| F|  |TAMS 0x0000000084700000, 0x0000000084700000| Untracked 
|  64|0x0000000084800000, 0x0000000084800000, 0x0000000084900000|  0%| F|  |TAMS 0x0000000084800000, 0x0000000084800000| Untracked 
|  65|0x0000000084900000, 0x0000000084900000, 0x0000000084a00000|  0%| F|  |TAMS 0x0000000084900000, 0x0000000084900000| Untracked 
|  66|0x0000000084a00000, 0x0000000084a00000, 0x0000000084b00000|  0%| F|  |TAMS 0x0000000084a00000, 0x0000000084a00000| Untracked 
|  67|0x0000000084b00000, 0x0000000084b00000, 0x0000000084c00000|  0%| F|  |TAMS 0x0000000084b00000, 0x0000000084b00000| Untracked 
|  68|0x0000000084c00000, 0x0000000084c00000, 0x0000000084d00000|  0%| F|  |TAMS 0x0000000084c00000, 0x0000000084c00000| Untracked 
|  69|0x0000000084d00000, 0x0000000084d00000, 0x0000000084e00000|  0%| F|  |TAMS 0x0000000084d00000, 0x0000000084d00000| Untracked 
|  70|0x0000000084e00000, 0x0000000084e00000, 0x0000000084f00000|  0%| F|  |TAMS 0x0000000084e00000, 0x0000000084e00000| Untracked 
|  71|0x0000000084f00000, 0x0000000084f00000, 0x0000000085000000|  0%| F|  |TAMS 0x0000000084f00000, 0x0000000084f00000| Untracked 
|  72|0x0000000085000000, 0x0000000085000000, 0x0000000085100000|  0%| F|  |TAMS 0x0000000085000000, 0x0000000085000000| Untracked 
|  73|0x0000000085100000, 0x0000000085100000, 0x0000000085200000|  0%| F|  |TAMS 0x0000000085100000, 0x0000000085100000| Untracked 
|  74|0x0000000085200000, 0x0000000085200000, 0x0000000085300000|  0%| F|  |TAMS 0x0000000085200000, 0x0000000085200000| Untracked 
|  75|0x0000000085300000, 0x0000000085300000, 0x0000000085400000|  0%| F|  |TAMS 0x0000000085300000, 0x0000000085300000| Untracked 
|  76|0x0000000085400000, 0x0000000085400000, 0x0000000085500000|  0%| F|  |TAMS 0x0000000085400000, 0x0000000085400000| Untracked 
|  77|0x0000000085500000, 0x0000000085500000, 0x0000000085600000|  0%| F|  |TAMS 0x0000000085500000, 0x0000000085500000| Untracked 
|  78|0x0000000085600000, 0x0000000085600000, 0x0000000085700000|  0%| F|  |TAMS 0x0000000085600000, 0x0000000085600000| Untracked 
|  79|0x0000000085700000, 0x0000000085700000, 0x0000000085800000|  0%| F|  |TAMS 0x0000000085700000, 0x0000000085700000| Untracked 
|  80|0x0000000085800000, 0x0000000085800000, 0x0000000085900000|  0%| F|  |TAMS 0x0000000085800000, 0x0000000085800000| Untracked 
|  81|0x0000000085900000, 0x0000000085900000, 0x0000000085a00000|  0%| F|  |TAMS 0x0000000085900000, 0x0000000085900000| Untracked 
|  82|0x0000000085a00000, 0x0000000085a00000, 0x0000000085b00000|  0%| F|  |TAMS 0x0000000085a00000, 0x0000000085a00000| Untracked 
|  83|0x0000000085b00000, 0x0000000085b00000, 0x0000000085c00000|  0%| F|  |TAMS 0x0000000085b00000, 0x0000000085b00000| Untracked 
|  84|0x0000000085c00000, 0x0000000085c00000, 0x0000000085d00000|  0%| F|  |TAMS 0x0000000085c00000, 0x0000000085c00000| Untracked 
|  85|0x0000000085d00000, 0x0000000085d00000, 0x0000000085e00000|  0%| F|  |TAMS 0x0000000085d00000, 0x0000000085d00000| Untracked 
|  86|0x0000000085e00000, 0x0000000085e00000, 0x0000000085f00000|  0%| F|  |TAMS 0x0000000085e00000, 0x0000000085e00000| Untracked 
|  87|0x0000000085f00000, 0x0000000085f00000, 0x0000000086000000|  0%| F|  |TAMS 0x0000000085f00000, 0x0000000085f00000| Untracked 
|  88|0x0000000086000000, 0x0000000086000000, 0x0000000086100000|  0%| F|  |TAMS 0x0000000086000000, 0x0000000086000000| Untracked 
|  89|0x0000000086100000, 0x0000000086100000, 0x0000000086200000|  0%| F|  |TAMS 0x0000000086100000, 0x0000000086100000| Untracked 
|  90|0x0000000086200000, 0x0000000086200000, 0x0000000086300000|  0%| F|  |TAMS 0x0000000086200000, 0x0000000086200000| Untracked 
|  91|0x0000000086300000, 0x0000000086300000, 0x0000000086400000|  0%| F|  |TAMS 0x0000000086300000, 0x0000000086300000| Untracked 
|  92|0x0000000086400000, 0x0000000086400000, 0x0000000086500000|  0%| F|  |TAMS 0x0000000086400000, 0x0000000086400000| Untracked 
|  93|0x0000000086500000, 0x0000000086500000, 0x0000000086600000|  0%| F|  |TAMS 0x0000000086500000, 0x0000000086500000| Untracked 
|  94|0x0000000086600000, 0x0000000086600000, 0x0000000086700000|  0%| F|  |TAMS 0x0000000086600000, 0x0000000086600000| Untracked 
|  95|0x0000000086700000, 0x0000000086700000, 0x0000000086800000|  0%| F|  |TAMS 0x0000000086700000, 0x0000000086700000| Untracked 
|  96|0x0000000086800000, 0x0000000086800000, 0x0000000086900000|  0%| F|  |TAMS 0x0000000086800000, 0x0000000086800000| Untracked 
|  97|0x0000000086900000, 0x0000000086900000, 0x0000000086a00000|  0%| F|  |TAMS 0x0000000086900000, 0x0000000086900000| Untracked 
|  98|0x0000000086a00000, 0x0000000086a00000, 0x0000000086b00000|  0%| F|  |TAMS 0x0000000086a00000, 0x0000000086a00000| Untracked 
|  99|0x0000000086b00000, 0x0000000086b00000, 0x0000000086c00000|  0%| F|  |TAMS 0x0000000086b00000, 0x0000000086b00000| Untracked 
| 100|0x0000000086c00000, 0x0000000086c00000, 0x0000000086d00000|  0%| F|  |TAMS 0x0000000086c00000, 0x0000000086c00000| Untracked 
| 101|0x0000000086d00000, 0x0000000086d00000, 0x0000000086e00000|  0%| F|  |TAMS 0x0000000086d00000, 0x0000000086d00000| Untracked 
| 102|0x0000000086e00000, 0x0000000086e00000, 0x0000000086f00000|  0%| F|  |TAMS 0x0000000086e00000, 0x0000000086e00000| Untracked 
| 103|0x0000000086f00000, 0x0000000086f00000, 0x0000000087000000|  0%| F|  |TAMS 0x0000000086f00000, 0x0000000086f00000| Untracked 
| 104|0x0000000087000000, 0x0000000087000000, 0x0000000087100000|  0%| F|  |TAMS 0x0000000087000000, 0x0000000087000000| Untracked 
| 105|0x0000000087100000, 0x0000000087100000, 0x0000000087200000|  0%| F|  |TAMS 0x0000000087100000, 0x0000000087100000| Untracked 
| 106|0x0000000087200000, 0x0000000087200000, 0x0000000087300000|  0%| F|  |TAMS 0x0000000087200000, 0x0000000087200000| Untracked 
| 107|0x0000000087300000, 0x0000000087300000, 0x0000000087400000|  0%| F|  |TAMS 0x0000000087300000, 0x0000000087300000| Untracked 
| 108|0x0000000087400000, 0x0000000087400000, 0x0000000087500000|  0%| F|  |TAMS 0x0000000087400000, 0x0000000087400000| Untracked 
| 109|0x0000000087500000, 0x0000000087500000, 0x0000000087600000|  0%| F|  |TAMS 0x0000000087500000, 0x0000000087500000| Untracked 
| 110|0x0000000087600000, 0x0000000087600000, 0x0000000087700000|  0%| F|  |TAMS 0x0000000087600000, 0x0000000087600000| Untracked 
| 111|0x0000000087700000, 0x0000000087700000, 0x0000000087800000|  0%| F|  |TAMS 0x0000000087700000, 0x0000000087700000| Untracked 
| 112|0x0000000087800000, 0x0000000087800000, 0x0000000087900000|  0%| F|  |TAMS 0x0000000087800000, 0x0000000087800000| Untracked 
| 113|0x0000000087900000, 0x0000000087900000, 0x0000000087a00000|  0%| F|  |TAMS 0x0000000087900000, 0x0000000087900000| Untracked 
| 114|0x0000000087a00000, 0x0000000087a00000, 0x0000000087b00000|  0%| F|  |TAMS 0x0000000087a00000, 0x0000000087a00000| Untracked 
| 115|0x0000000087b00000, 0x0000000087b00000, 0x0000000087c00000|  0%| F|  |TAMS 0x0000000087b00000, 0x0000000087b00000| Untracked 
| 116|0x0000000087c00000, 0x0000000087c00000, 0x0000000087d00000|  0%| F|  |TAMS 0x0000000087c00000, 0x0000000087c00000| Untracked 
| 117|0x0000000087d00000, 0x0000000087d00000, 0x0000000087e00000|  0%| F|  |TAMS 0x0000000087d00000, 0x0000000087d00000| Untracked 
| 118|0x0000000087e00000, 0x0000000087e00000, 0x0000000087f00000|  0%| F|  |TAMS 0x0000000087e00000, 0x0000000087e00000| Untracked 
| 119|0x0000000087f00000, 0x0000000087f00000, 0x0000000088000000|  0%| F|  |TAMS 0x0000000087f00000, 0x0000000087f00000| Untracked 
| 120|0x0000000088000000, 0x0000000088000000, 0x0000000088100000|  0%| F|  |TAMS 0x0000000088000000, 0x0000000088000000| Untracked 
| 121|0x0000000088100000, 0x0000000088100000, 0x0000000088200000|  0%| F|  |TAMS 0x0000000088100000, 0x0000000088100000| Untracked 
| 122|0x0000000088200000, 0x0000000088200000, 0x0000000088300000|  0%| F|  |TAMS 0x0000000088200000, 0x0000000088200000| Untracked 
| 123|0x0000000088300000, 0x0000000088300000, 0x0000000088400000|  0%| F|  |TAMS 0x0000000088300000, 0x0000000088300000| Untracked 
| 124|0x0000000088400000, 0x0000000088400000, 0x0000000088500000|  0%| F|  |TAMS 0x0000000088400000, 0x0000000088400000| Untracked 
| 125|0x0000000088500000, 0x000000008858f0e8, 0x0000000088600000| 55%| E|  |TAMS 0x0000000088500000, 0x0000000088500000| Complete 
| 126|0x0000000088600000, 0x0000000088700000, 0x0000000088700000|100%| E|  |TAMS 0x0000000088600000, 0x0000000088600000| Complete 
| 127|0x0000000088700000, 0x0000000088800000, 0x0000000088800000|100%| E|CS|TAMS 0x0000000088700000, 0x0000000088700000| Complete 

Card table byte_map: [0x000000001ae30000,0x000000001b230000] _byte_map_base: 0x000000001aa2c000

Marking Bits (Prev, Next): (CMBitMap*) 0x00000000003a1048, (CMBitMap*) 0x00000000003a1088
 Prev Bits: [0x000000001b630000, 0x000000001d610000)
 Next Bits: [0x000000001d610000, 0x000000001f5f0000)

Polling page: 0x0000000000130000

Metaspace:

Usage:
  Non-class:      4.27 MB capacity,   495.95 KB ( 11%) used,     3.78 MB ( 89%) free+waste,   576 bytes ( <1%) overhead. 
      Class:    424.00 KB capacity,    27.62 KB (  7%) used,   396.01 KB ( 93%) free+waste,   384 bytes ( <1%) overhead. 
       Both:      4.68 MB capacity,   523.56 KB ( 11%) used,     4.17 MB ( 89%) free+waste,   960 bytes ( <1%) overhead. 

Virtual space:
  Non-class space:        8.00 MB reserved,       4.50 MB ( 56%) committed 
      Class space:        1.00 GB reserved,     512.00 KB ( <1%) committed 
             Both:        1.01 GB reserved,       5.00 MB ( <1%) committed 

Chunk freelists:
   Non-Class:  48.00 KB
       Class:  24.00 KB
        Both:  72.00 KB

MaxMetaspaceSize: 17179869184.00 GB
CompressedClassSpaceSize: 1.00 GB

CodeHeap 'non-profiled nmethods': size=120000Kb used=23Kb max_used=23Kb free=119976Kb
 bounds [0x0000000012c80000, 0x0000000012ef0000, 0x000000001a1b0000]
CodeHeap 'profiled nmethods': size=120000Kb used=170Kb max_used=170Kb free=119829Kb
 bounds [0x000000000b750000, 0x000000000b9c0000, 0x0000000012c80000]
CodeHeap 'non-nmethods': size=5760Kb used=1156Kb max_used=1162Kb free=4603Kb
 bounds [0x000000000b1b0000, 0x000000000b420000, 0x000000000b750000]
 total_blobs=728 nmethods=119 adapters=210
 compilation: enabled
              stopped_count=0, restarted_count=0
 full_count=0

Compilation events (20 events):
Event: 0.133 Thread 0x00000000230f6000  110       3       java.lang.System::getSecurityManager (12 bytes)
Event: 0.133 Thread 0x00000000230f6000 nmethod 110 0x000000000b776110 code [0x000000000b7762c0, 0x000000000b776438]
Event: 0.137 Thread 0x00000000230f6000  111       3       java.lang.CharacterDataLatin1::toLowerCase (39 bytes)
Event: 0.138 Thread 0x00000000230f6000 nmethod 111 0x000000000b776510 code [0x000000000b7766c0, 0x000000000b776918]
Event: 0.138 Thread 0x00000000230f6000  112       3       java.lang.StringLatin1::lastIndexOf (40 bytes)
Event: 0.138 Thread 0x00000000230f6000 nmethod 112 0x000000000b776a90 code [0x000000000b776c60, 0x000000000b777018]
Event: 0.140 Thread 0x00000000230f6000  113       1       java.util.zip.Inflater$InflaterZStreamRef::address (5 bytes)
Event: 0.140 Thread 0x00000000230f6000 nmethod 113 0x0000000012c85710 code [0x0000000012c858a0, 0x0000000012c85978]
Event: 0.140 Thread 0x00000000230f6000  114       3       java.lang.String::checkBoundsBeginEnd (63 bytes)
Event: 0.141 Thread 0x00000000230f6000 nmethod 114 0x000000000b777190 code [0x000000000b777440, 0x000000000b777fb8]
Event: 0.141 Thread 0x00000000230f6000  116       3       java.util.HashMap::get (23 bytes)
Event: 0.141 Thread 0x00000000230f6000 nmethod 116 0x000000000b778410 code [0x000000000b7785e0, 0x000000000b778958]
Event: 0.141 Thread 0x00000000230f6000  115       3       java.lang.StringLatin1::newString (17 bytes)
Event: 0.141 Thread 0x00000000230f6000 nmethod 115 0x000000000b778a90 code [0x000000000b778c40, 0x000000000b778f08]
Event: 0.141 Thread 0x00000000230f6000  117       3       java.lang.String::startsWith (138 bytes)
Event: 0.142 Thread 0x00000000230f6000 nmethod 117 0x000000000b779010 code [0x000000000b779220, 0x000000000b779a78]
Event: 0.142 Thread 0x00000000230f6000  118       3       java.lang.String::substring (58 bytes)
Event: 0.143 Thread 0x00000000230f6000 nmethod 118 0x000000000b779d90 code [0x000000000b779fa0, 0x000000000b77a688]
Event: 0.146 Thread 0x00000000230f6000  119       1       java.lang.Integer::intValue (5 bytes)
Event: 0.146 Thread 0x00000000230f6000 nmethod 119 0x0000000012c85a10 code [0x0000000012c85ba0, 0x0000000012c85c78]

GC Heap History (0 events):
No events

Deoptimization events (4 events):
Event: 0.088 Thread 0x000000000035c000 Uncommon trap: trap_request=0xffffff45 fr.pc=0x0000000012c8486c relative=0x000000000000020c
Event: 0.088 Thread 0x000000000035c000 Uncommon trap: reason=unstable_if action=reinterpret pc=0x0000000012c8486c method=java.lang.String.hashCode()I @ 42 c2
Event: 0.088 Thread 0x000000000035c000 DEOPT PACKING pc=0x0000000012c8486c sp=0x00000000022ce120
Event: 0.088 Thread 0x000000000035c000 DEOPT UNPACKING pc=0x000000000b1f942f sp=0x00000000022ce0b8 mode 2

Classes unloaded (0 events):
No events

Classes redefined (2 events):
Event: 18.886 Thread 0x00000000230c6800 redefined class name=DijkstraKt, count=1
Event: 218.410 Thread 0x00000000230c6800 redefined class name=DijkstraKt, count=2

Internal exceptions (0 events):
No events

Events (20 events):
Event: 218.411 Executing VM operation: RedefineClasses done
Event: 218.412 Executing VM operation: GetFrameCount
Event: 218.412 Executing VM operation: GetFrameCount done
Event: 218.412 Executing VM operation: GetFrameCount
Event: 218.412 Executing VM operation: GetFrameCount done
Event: 218.412 Executing VM operation: GetStackTrace
Event: 218.412 Executing VM operation: GetStackTrace done
Event: 218.419 Executing VM operation: ChangeBreakpoints
Event: 218.419 Executing VM operation: ChangeBreakpoints done
Event: 218.421 Executing VM operation: GetFrameCount
Event: 218.421 Executing VM operation: GetFrameCount done
Event: 218.421 Executing VM operation: GetStackTrace
Event: 218.421 Executing VM operation: GetStackTrace done
Event: 225.744 Executing VM operation: ChangeBreakpoints
Event: 225.744 Executing VM operation: ChangeBreakpoints done
Event: 236.319 Executing VM operation: ChangeBreakpoints
Event: 236.319 Executing VM operation: ChangeBreakpoints done
Event: 239.711 Executing VM operation: ChangeBreakpoints
Event: 239.711 Executing VM operation: ChangeBreakpoints done
Event: 239.714 Executing VM operation: RedefineClasses


Dynamic libraries:
0x000000013f7a0000 - 0x000000013f7af000 	E:\OLD\Program Files\Java\jdk1.14\bin\java.exe
0x0000000077870000 - 0x0000000077a1b000 	C:\Windows\SYSTEM32\ntdll.dll
0x00000000775f0000 - 0x000000007770f000 	C:\Windows\system32\kernel32.dll
0x000007fefdf90000 - 0x000007fefdffc000 	C:\Windows\system32\KERNELBASE.dll
0x000007fefa380000 - 0x000007fefa398000 	E:\OLD\Program Files\Java\jdk1.14\bin\jli.dll
0x000007feffaa0000 - 0x000007feffb7b000 	C:\Windows\system32\ADVAPI32.dll
0x000007feff3c0000 - 0x000007feff45f000 	C:\Windows\system32\msvcrt.dll
0x000007fefe450000 - 0x000007fefe46f000 	C:\Windows\SYSTEM32\sechost.dll
0x000007fefe320000 - 0x000007fefe44d000 	C:\Windows\system32\RPCRT4.dll
0x000007fefc240000 - 0x000007fefc434000 	C:\Windows\WinSxS\amd64_microsoft.windows.common-controls_6595b64144ccf1df_6.0.7601.17514_none_fa396087175ac9ac\COMCTL32.dll
0x000007fefe120000 - 0x000007fefe187000 	C:\Windows\system32\GDI32.dll
0x00000000773a0000 - 0x000000007749a000 	C:\Windows\system32\USER32.dll
0x000007feff460000 - 0x000007feff46e000 	C:\Windows\system32\LPK.dll
0x000007fefe470000 - 0x000007fefe539000 	C:\Windows\system32\USP10.dll
0x000007fefe0a0000 - 0x000007fefe111000 	C:\Windows\system32\SHLWAPI.dll
0x000007fefcfb0000 - 0x000007fefcfbc000 	C:\Windows\system32\VERSION.dll
0x000007fefa360000 - 0x000007fefa375000 	E:\OLD\Program Files\Java\jdk1.14\bin\VCRUNTIME140.dll
0x000007fefb2c0000 - 0x000007fefb2c4000 	E:\OLD\Program Files\Java\jdk1.14\bin\api-ms-win-crt-runtime-l1-1-0.dll
0x000007fee88d0000 - 0x000007fee89cc000 	E:\OLD\Program Files\Java\jdk1.14\bin\ucrtbase.DLL
0x000007fefa350000 - 0x000007fefa353000 	E:\OLD\Program Files\Java\jdk1.14\bin\api-ms-win-core-localization-l1-2-0.dll
0x000007fefa340000 - 0x000007fefa343000 	E:\OLD\Program Files\Java\jdk1.14\bin\api-ms-win-core-processthreads-l1-1-1.dll
0x000007fefa330000 - 0x000007fefa333000 	E:\OLD\Program Files\Java\jdk1.14\bin\api-ms-win-core-file-l1-2-0.dll
0x000007fef4fe0000 - 0x000007fef4fe3000 	E:\OLD\Program Files\Java\jdk1.14\bin\api-ms-win-core-timezone-l1-1-0.dll
0x000007fef3c90000 - 0x000007fef3c93000 	E:\OLD\Program Files\Java\jdk1.14\bin\api-ms-win-core-file-l2-1-0.dll
0x000007feed460000 - 0x000007feed463000 	E:\OLD\Program Files\Java\jdk1.14\bin\api-ms-win-core-synch-l1-2-0.dll
0x000007feed450000 - 0x000007feed453000 	E:\OLD\Program Files\Java\jdk1.14\bin\api-ms-win-crt-heap-l1-1-0.dll
0x000007feed1e0000 - 0x000007feed1e4000 	E:\OLD\Program Files\Java\jdk1.14\bin\api-ms-win-crt-string-l1-1-0.dll
0x000007feed1c0000 - 0x000007feed1c4000 	E:\OLD\Program Files\Java\jdk1.14\bin\api-ms-win-crt-stdio-l1-1-0.dll
0x000007feed0b0000 - 0x000007feed0b4000 	E:\OLD\Program Files\Java\jdk1.14\bin\api-ms-win-crt-convert-l1-1-0.dll
0x000007feed0a0000 - 0x000007feed0a3000 	E:\OLD\Program Files\Java\jdk1.14\bin\api-ms-win-crt-environment-l1-1-0.dll
0x000007feecd00000 - 0x000007feecd03000 	E:\OLD\Program Files\Java\jdk1.14\bin\api-ms-win-crt-filesystem-l1-1-0.dll
0x000007feeccf0000 - 0x000007feeccf5000 	E:\OLD\Program Files\Java\jdk1.14\bin\api-ms-win-crt-math-l1-1-0.dll
0x000007fee98e0000 - 0x000007fee98e3000 	E:\OLD\Program Files\Java\jdk1.14\bin\api-ms-win-crt-locale-l1-1-0.dll
0x000007feffa10000 - 0x000007feffa3e000 	C:\Windows\system32\IMM32.DLL
0x000007feff470000 - 0x000007feff579000 	C:\Windows\system32\MSCTF.dll
0x000007fee8b60000 - 0x000007fee8bfb000 	E:\OLD\Program Files\Java\jdk1.14\bin\msvcp140.dll
0x000007fee98d0000 - 0x000007fee98d3000 	E:\OLD\Program Files\Java\jdk1.14\bin\api-ms-win-crt-time-l1-1-0.dll
0x000007fee96e0000 - 0x000007fee96e3000 	E:\OLD\Program Files\Java\jdk1.14\bin\api-ms-win-crt-utility-l1-1-0.dll
0x000007feda9b0000 - 0x000007fedb4ce000 	E:\OLD\Program Files\Java\jdk1.14\bin\server\jvm.dll
0x000007feedd50000 - 0x000007feedd59000 	C:\Windows\system32\WSOCK32.dll
0x000007feff370000 - 0x000007feff3bd000 	C:\Windows\system32\WS2_32.dll
0x000007fefe310000 - 0x000007fefe318000 	C:\Windows\system32\NSI.dll
0x000007fefafe0000 - 0x000007fefb01b000 	C:\Windows\system32\WINMM.dll
0x0000000077a40000 - 0x0000000077a47000 	C:\Windows\system32\PSAPI.DLL
0x000007fee92d0000 - 0x000007fee92da000 	E:\OLD\Program Files\Java\jdk1.14\bin\jimage.dll
0x000007fef43e0000 - 0x000007fef4505000 	C:\Windows\system32\DBGHELP.DLL
0x000007feecfe0000 - 0x000007feed018000 	E:\OLD\Program Files\Java\jdk1.14\bin\jdwp.dll
0x000007fee92a0000 - 0x000007fee92c5000 	E:\OLD\Program Files\Java\jdk1.14\bin\java.dll
0x000007fee9280000 - 0x000007fee9296000 	E:\OLD\Program Files\Java\jdk1.14\bin\zip.dll
0x000007fefe5c0000 - 0x000007feff348000 	C:\Windows\system32\SHELL32.dll
0x000007feff800000 - 0x000007feffa03000 	C:\Windows\system32\ole32.dll
0x000007fefdcd0000 - 0x000007fefdcdf000 	C:\Windows\system32\profapi.dll
0x000007fefc450000 - 0x000007fefc45b000 	E:\OLD\Program Files\Java\jdk1.14\bin\dt_socket.dll
0x000007fefa9e0000 - 0x000007fefaa07000 	C:\Windows\system32\IPHLPAPI.DLL
0x000007fefa9d0000 - 0x000007fefa9db000 	C:\Windows\system32\WINNSI.DLL
0x000007fefd500000 - 0x000007fefd555000 	C:\Windows\system32\mswsock.dll
0x000007fefc9f0000 - 0x000007fefc9f7000 	C:\Windows\System32\wshtcpip.dll
0x000007fee88b0000 - 0x000007fee88c9000 	E:\OLD\Program Files\Java\jdk1.14\bin\net.dll
0x000007fef8aa0000 - 0x000007fef8b11000 	C:\Windows\system32\WINHTTP.dll
0x000007fef8a30000 - 0x000007fef8a94000 	C:\Windows\system32\webio.dll
0x000007fefd4f0000 - 0x000007fefd4f7000 	C:\Windows\System32\wship6.dll
0x000007fee8890000 - 0x000007fee88a2000 	E:\OLD\Program Files\Java\jdk1.14\bin\nio.dll

dbghelp: loaded successfully - version: 4.0.5 - missing functions: none
symbol engine: initialized successfully - sym options: 0x614 - pdb path: .;E:\OLD\Program Files\Java\jdk1.14\bin;C:\Windows\SYSTEM32;C:\Windows\WinSxS\amd64_microsoft.windows.common-controls_6595b64144ccf1df_6.0.7601.17514_none_fa396087175ac9ac;E:\OLD\Program Files\Java\jdk1.14\bin\server

VM Arguments:
jvm_args: -agentlib:jdwp=transport=dt_socket,address=127.0.0.1:52013,suspend=y,server=n -Dfile.encoding=UTF-8 
java_command: DijkstraKt
java_class_path (initial): C:\Users\Vanya\IdeaProjects\SADP-6\out\production\SADP-6;C:\Users\Vanya\.IntelliJIdea2018.1\config\plugins\Kotlin\kotlinc\lib\kotlin-stdlib.jar;C:\Users\Vanya\.IntelliJIdea2018.1\config\plugins\Kotlin\kotlinc\lib\kotlin-reflect.jar;C:\Users\Vanya\.IntelliJIdea2018.1\config\plugins\Kotlin\kotlinc\lib\kotlin-test.jar;C:\Program Files\JetBrains\IntelliJ IDEA 2018.1.4\lib\idea_rt.jar
Launcher Type: SUN_STANDARD

[Global flags]
     intx CICompilerCount                          = 4                                         {product} {ergonomic}
     uint ConcGCThreads                            = 2                                         {product} {ergonomic}
     uint G1ConcRefinementThreads                  = 8                                         {product} {ergonomic}
   size_t G1HeapRegionSize                         = 1048576                                   {product} {ergonomic}
    uintx GCDrainStackTargetSize                   = 64                                        {product} {ergonomic}
   size_t InitialHeapSize                          = 134217728                                 {product} {ergonomic}
   size_t MarkStackSize                            = 4194304                                   {product} {ergonomic}
   size_t MaxHeapSize                              = 2139095040                                {product} {ergonomic}
   size_t MaxNewSize                               = 1283457024                                {product} {ergonomic}
   size_t MinHeapDeltaBytes                        = 1048576                                   {product} {ergonomic}
   size_t MinHeapSize                              = 8388608                                   {product} {ergonomic}
    uintx NonNMethodCodeHeapSize                   = 5839372                                {pd product} {ergonomic}
    uintx NonProfiledCodeHeapSize                  = 122909434                              {pd product} {ergonomic}
    uintx ProfiledCodeHeapSize                     = 122909434                              {pd product} {ergonomic}
    uintx ReservedCodeCacheSize                    = 251658240                              {pd product} {ergonomic}
     bool SegmentedCodeCache                       = true                                      {product} {ergonomic}
   size_t SoftMaxHeapSize                          = 2139095040                             {manageable} {ergonomic}
     bool UseCompressedClassPointers               = true                                 {lp64_product} {ergonomic}
     bool UseCompressedOops                        = true                                 {lp64_product} {ergonomic}
     bool UseG1GC                                  = true                                      {product} {ergonomic}
     bool UseLargePagesIndividualAllocation        = false                                  {pd product} {ergonomic}

Logging:
Log output configuration:
 #0: stdout all=warning uptime,level,tags
 #1: stderr all=off uptime,level,tags

Environment Variables:
JAVA_HOME=E:\OLD\Program Files\Java\jdk1.8.0_101
PATH=C:\Program Files (x86)\Google\Chrome\Application;C:\ProgramData\Oracle\Java\javapath;C:\Windows\system32;C:\Windows;C:\Windows\System32\Wbem;C:\Windows\System32\WindowsPowerShell\v1.0\;C:\Program Files (x86)\NVIDIA Corporation\PhysX\Common;C:\Program Files (x86)\GtkSharp\2.12\bin;C:\platform-tools;C:\Android\Git\cmd;E:\OLD\Program Files\Java\jdk1.8.0_101\bin;C:\Program Files\NVIDIA Corporation\NVIDIA NvDLISR;C:\Users\Vanya\AppData\Local\Programs\Python\Python37\Scripts\;C:\Users\Vanya\AppData\Local\Programs\Python\Python37\;E:\AppServ\Apache24\bin;E:\AppServ\php5;E:\AppServ\MySQL\bin;C:\Users\Vanya\AppData\Local\GitHubDesktop\bin;E:\Program Files (x86)\PyCharm 2018.3.2\bin;;C:\adb;C:\Users\Vanya\AppData\Local\Programs\Python\Python37\Scripts\;C:\Users\Vanya\AppData\Local\Programs\Python\Python37\;E:\AppServ\Apache24\bin;E:\AppServ\php5;E:\AppServ\MySQL\bin;E:\Program Files (x86)\PyCharm 2018.3.2\bin
USERNAME=Vanya
OS=Windows_NT
PROCESSOR_IDENTIFIER=AMD64 Family 21 Model 1 Stepping 2, AuthenticAMD



---------------  S Y S T E M  ---------------

OS: Windows 7 , 64 bit Build 7601 (6.1.7601.21773)
OS uptime: 0 days 3:54 hours

CPU:total 8 (initial active 8) (8 cores per cpu, 1 threads per core) family 21 model 1 stepping 2, cmov, cx8, fxsr, mmx, sse, sse2, sse3, ssse3, sse4.1, sse4.2, popcnt, avx, aes, clmul, mmxext, 3dnowpref, lzcnt, sse4a, tsc, tscinvbit, tscinv

Memory: 4k page, system-wide physical 8156M (1252M free)
TotalPageFile size 16311M (AvailPageFile size 6481M)
current process WorkingSet (physical memory assigned to process): 31M, peak: 31M
current process commit charge ("private bytes"): 222M, peak: 223M

vm_info: Java HotSpot(TM) 64-Bit Server VM (14.0.1+7) for windows-amd64 JRE (14.0.1+7), built on Mar  5 2020 10:30:14 by "mach5one" with MS VC++ 15.9 (VS2017)

END.
